<?xml version="1.0" encoding="UTF-8"?>
<!-- Generated by org.testng.reporters.JUnitReportReporter -->
<testsuite hostname="DESKTOP-89UV3RE" failures="0" tests="5" name="com.in.testRunner.TestRunner" time="47.879" errors="0" timestamp="2026-02-05T10:13:27 IST" skipped="0">
  <testcase classname="com.in.testRunner.TestRunner" name="runScenario" time="9.524"/>
  <testcase classname="com.in.testRunner.TestRunner" name="runScenario" time="9.398"/>
  <testcase classname="com.in.testRunner.TestRunner" name="runScenario" time="10.214"/>
  <testcase classname="com.in.testRunner.TestRunner" name="runScenario" time="9.328"/>
  <testcase classname="com.in.testRunner.TestRunner" name="runScenario" time="9.415"/>
</testsuite> <!-- com.in.testRunner.TestRunner -->
