<?xml version="1.0" encoding="UTF-8"?>
<!-- Generated by org.testng.reporters.JUnitReportReporter -->
<testsuite hostname="DESKTOP-89UV3RE" failures="0" tests="2" name="com.in.testRunner.TestRunnerTest" time="16.700" errors="0" timestamp="2026-03-09T18:56:49 IST" skipped="0">
  <testcase classname="com.in.testRunner.TestRunnerTest" name="runScenario" time="10.242"/>
  <testcase classname="com.in.testRunner.TestRunnerTest" name="runScenario" time="6.458"/>
</testsuite> <!-- com.in.testRunner.TestRunnerTest -->
