<?xml version="1.0" encoding="UTF-8"?>
<!-- Generated by org.testng.reporters.JUnitReportReporter -->
<testsuite hostname="DESKTOP-89UV3RE" failures="0" tests="9" name="com.in.testRunner.TestRunner" time="297.696" errors="0" timestamp="2026-03-02T13:29:05 IST" skipped="0">
  <testcase classname="com.in.testRunner.TestRunner" name="runScenario" time="33.214"/>
  <testcase classname="com.in.testRunner.TestRunner" name="runScenario" time="33.304"/>
  <testcase classname="com.in.testRunner.TestRunner" name="runScenario" time="32.229"/>
  <testcase classname="com.in.testRunner.TestRunner" name="runScenario" time="33.602"/>
  <testcase classname="com.in.testRunner.TestRunner" name="runScenario" time="33.009"/>
  <testcase classname="com.in.testRunner.TestRunner" name="runScenario" time="33.397"/>
  <testcase classname="com.in.testRunner.TestRunner" name="runScenario" time="33.281"/>
  <testcase classname="com.in.testRunner.TestRunner" name="runScenario" time="33.232"/>
  <testcase classname="com.in.testRunner.TestRunner" name="runScenario" time="32.428"/>
</testsuite> <!-- com.in.testRunner.TestRunner -->
