<?xml version="1.0" encoding="UTF-8"?>
<!-- Generated by org.testng.reporters.JUnitReportReporter -->
<testsuite hostname="DESKTOP-89UV3RE" failures="0" tests="7" name="com.in.testRunner.TestRunnerTest" time="44.481" errors="0" timestamp="2026-03-16T14:32:54 IST" skipped="0">
  <testcase classname="com.in.testRunner.TestRunnerTest" name="runScenario" time="4.553"/>
  <testcase classname="com.in.testRunner.TestRunnerTest" name="runScenario" time="5.464"/>
  <testcase classname="com.in.testRunner.TestRunnerTest" name="runScenario" time="7.118"/>
  <testcase classname="com.in.testRunner.TestRunnerTest" name="runScenario" time="10.877"/>
  <testcase classname="com.in.testRunner.TestRunnerTest" name="runScenario" time="7.152"/>
  <testcase classname="com.in.testRunner.TestRunnerTest" name="runScenario" time="5.083"/>
  <testcase classname="com.in.testRunner.TestRunnerTest" name="runScenario" time="4.234"/>
</testsuite> <!-- com.in.testRunner.TestRunnerTest -->
